<?xml version="1.0" encoding="UTF-8" ?>
<testsuite failures="1" time="1.848" errors="0" skipped="0" tests="2" name="jp.co.rakuten.roma.spybased_client.RomaTest">
  <properties>
[...]
</properties>
  <testcase time="1.781" classname="jp.co.rakuten.roma.spybased_client.RomaTest" name="test1">
    <failure type="junit.framework.AssertionFailedError">junit.framework.AssertionFailedError
	at junit.framework.Assert.fail(Assert.java:47)
	at junit.framework.Assert.assertTrue(Assert.java:20)
	at junit.framework.Assert.assertNull(Assert.java:233)
	at junit.framework.Assert.assertNull(Assert.java:226)
	at jp.co.rakuten.roma.spybased_client.RomaTest.test1(RomaTest.java:83)
</failure>
    <system-err>--start--
2010-05-24 15:50:55.009 INFO jp.co.rakuten.roma.client.RomaConnection:  Connected to {QA sa=localhost/127.0.0.1:11211, #Rops=0, #Wops=0, #iq=0, topRop=null, topWop=null, toWrite=0, interested=0} immediately
2010-05-24 15:50:55.012 INFO jp.co.rakuten.roma.client.RomaConnection:  Connected to {QA sa=localhost/127.0.0.1:11212, #Rops=0, #Wops=0, #iq=0, topRop=null, topWop=null, toWrite=0, interested=0} immediately
2010-05-24 15:50:55.013 ERROR jp.co.rakuten.roma.client.RomaConnection:  All nodes are annihilation !
BEGIN-FIRST
2010-05-24 15:50:55.028 ERROR jp.co.rakuten.roma.client.RomaConnection:  All nodes are annihilation !
2010-05-24 15:50:55.093 INFO jp.co.rakuten.roma.client.RomaNodeLocator:  Routing info update !
BEGIN-END (79)
--construct--
--setdatas--
</system-err>
  </testcase>
  <testcase time="0.024" classname="jp.co.rakuten.roma.spybased_client.RomaTest" name="test"/>
</testsuite>