<?xml version="1.0" encoding="UTF-8" ?>
<testsuite failures="1" time="6.03" errors="0" skipped="0" tests="33" name="jp.co.rakuten.roma.spybased_client.AlistTest">
  <properties>
[...]
</properties>
  <testcase time="0.108" classname="jp.co.rakuten.roma.spybased_client.AlistTest" name="testAppendLimit1"/>
  <testcase time="0.027" classname="jp.co.rakuten.roma.spybased_client.AlistTest" name="testAppendLimit2"/>
  <testcase time="0.033" classname="jp.co.rakuten.roma.spybased_client.AlistTest" name="testDelete"/>
  <testcase time="0.025" classname="jp.co.rakuten.roma.spybased_client.AlistTest" name="testDeleteAt"/>
  <testcase time="0.033" classname="jp.co.rakuten.roma.spybased_client.AlistTest" name="testPrepend"/>
  <testcase time="0.024" classname="jp.co.rakuten.roma.spybased_client.AlistTest" name="testPrependLimit1"/>
  <testcase time="0.024" classname="jp.co.rakuten.roma.spybased_client.AlistTest" name="testPrependLimit2"/>
  <testcase time="0.03" classname="jp.co.rakuten.roma.spybased_client.AlistTest" name="testInsert"/>
  <testcase time="0.026" classname="jp.co.rakuten.roma.spybased_client.AlistTest" name="testGetSubList"/>
  <testcase time="0.024" classname="jp.co.rakuten.roma.spybased_client.AlistTest" name="testGet"/>
  <testcase time="0.036" classname="jp.co.rakuten.roma.spybased_client.AlistTest" name="testInsertOrMoveToFirst"/>
  <testcase time="0.026" classname="jp.co.rakuten.roma.spybased_client.AlistTest" name="testInsertOrMoveToFirstLimit1"/>
  <testcase time="0.026" classname="jp.co.rakuten.roma.spybased_client.AlistTest" name="testInsertOrMoveToFirstLimit2"/>
  <testcase time="2.532" classname="jp.co.rakuten.roma.spybased_client.AlistTest" name="testInsertOrMoveToFirstExpired"/>
  <testcase time="0.021" classname="jp.co.rakuten.roma.spybased_client.AlistTest" name="testInsertOrMoveToFirstExpiredLimit1"/>
  <testcase time="0.021" classname="jp.co.rakuten.roma.spybased_client.AlistTest" name="testInsertOrMoveToFirstExpiredLimit2"/>
  <testcase time="0.03" classname="jp.co.rakuten.roma.spybased_client.AlistTest" name="testInsertOrMoveToLast"/>
  <testcase time="0.021" classname="jp.co.rakuten.roma.spybased_client.AlistTest" name="testInsertOrMoveToLastLimit1"/>
  <testcase time="0.043" classname="jp.co.rakuten.roma.spybased_client.AlistTest" name="testInsertOrMoveToLastLimit2"/>
  <testcase time="2.531" classname="jp.co.rakuten.roma.spybased_client.AlistTest" name="testInsertOrMoveToLastExpired"/>
  <testcase time="0.03" classname="jp.co.rakuten.roma.spybased_client.AlistTest" name="testInsertOrMoveToLastExpiredLimit1"/>
  <testcase time="0.024" classname="jp.co.rakuten.roma.spybased_client.AlistTest" name="testInsertOrMoveToLastExpiredLimit2">
    <failure message="expected:&lt;...1&gt; but was:&lt;...0&gt;" type="junit.framework.ComparisonFailure">junit.framework.ComparisonFailure: expected:&lt;...1&gt; but was:&lt;...0&gt;
	at junit.framework.Assert.assertEquals(Assert.java:81)
	at junit.framework.Assert.assertEquals(Assert.java:87)
	at jp.co.rakuten.roma.spybased_client.AlistTest.testInsertOrMoveToLastExpiredLimit2(AlistTest.java:372)
</failure>
    <system-err>--start--
--construct--
--setdatas--
</system-err>
  </testcase>
  <testcase time="0.025" classname="jp.co.rakuten.roma.spybased_client.AlistTest" name="testSize"/>
  <testcase time="0.019" classname="jp.co.rakuten.roma.spybased_client.AlistTest" name="testGetEntryAll"/>
  <testcase time="0.04" classname="jp.co.rakuten.roma.spybased_client.AlistTest" name="testGetEntrySubList"/>
  <testcase time="0.023" classname="jp.co.rakuten.roma.spybased_client.AlistTest" name="testGetAndDeleteFirst"/>
  <testcase time="0.024" classname="jp.co.rakuten.roma.spybased_client.AlistTest" name="testGetAndDeleteLast"/>
  <testcase time="0.019" classname="jp.co.rakuten.roma.spybased_client.AlistTest" name="testPrependConflict"/>
  <testcase time="0.034" classname="jp.co.rakuten.roma.spybased_client.AlistTest" name="testInsertConflict"/>
  <testcase time="0.056" classname="jp.co.rakuten.roma.spybased_client.AlistTest" name="testInsertOrMoveToFirstConflict"/>
  <testcase time="0.031" classname="jp.co.rakuten.roma.spybased_client.AlistTest" name="testInsertOrMoveToLastConflict"/>
  <testcase time="0.027" classname="jp.co.rakuten.roma.spybased_client.AlistTest" name="testDeleteConflict"/>
  <testcase time="0.024" classname="jp.co.rakuten.roma.spybased_client.AlistTest" name="test"/>
</testsuite>