<?xml version="1.0" encoding="UTF-8" ?>
<testsuite failures="0" time="5.494" errors="1" skipped="0" tests="1" name="jp.co.rakuten.roma.spybased_client.AppTest">
  <properties>
[...]
</properties>
  <testcase time="5.493" classname="jp.co.rakuten.roma.spybased_client.AppTest" name="test">
    <error message="Timeout waiting for value" type="net.spy.memcached.OperationTimeoutException">net.spy.memcached.OperationTimeoutException: Timeout waiting for value
	at jp.co.rakuten.roma.client.RomaClientImpl.gets(RomaClientImpl.java:544)
	at jp.co.rakuten.roma.client.RomaClientImpl.gets(RomaClientImpl.java:553)
	at jp.co.rakuten.roma.spybased_client.AppTest.setUp(AppTest.java:64)
	at junit.framework.TestCase.runBare(TestCase.java:125)
	at junit.framework.TestResult$1.protect(TestResult.java:106)
	at junit.framework.TestResult.runProtected(TestResult.java:124)
	at junit.framework.TestResult.run(TestResult.java:109)
	at junit.framework.TestCase.run(TestCase.java:118)
	at junit.framework.TestSuite.runTest(TestSuite.java:208)
	at junit.framework.TestSuite.run(TestSuite.java:203)
	at sun.reflect.NativeMethodAccessorImpl.invoke0(Native Method)
	at sun.reflect.NativeMethodAccessorImpl.invoke(NativeMethodAccessorImpl.java:39)
	at sun.reflect.DelegatingMethodAccessorImpl.invoke(DelegatingMethodAccessorImpl.java:25)
	at java.lang.reflect.Method.invoke(Method.java:597)
	at org.apache.maven.surefire.junit.JUnitTestSet.execute(JUnitTestSet.java:213)
	at org.apache.maven.surefire.suite.AbstractDirectoryTestSuite.executeTestSet(AbstractDirectoryTestSuite.java:140)
	at org.apache.maven.surefire.suite.AbstractDirectoryTestSuite.execute(AbstractDirectoryTestSuite.java:127)
	at org.apache.maven.surefire.Surefire.run(Surefire.java:177)
	at sun.reflect.NativeMethodAccessorImpl.invoke0(Native Method)
	at sun.reflect.NativeMethodAccessorImpl.invoke(NativeMethodAccessorImpl.java:39)
	at sun.reflect.DelegatingMethodAccessorImpl.invoke(DelegatingMethodAccessorImpl.java:25)
	at java.lang.reflect.Method.invoke(Method.java:597)
	at org.apache.maven.surefire.booter.SurefireBooter.runSuitesInProcess(SurefireBooter.java:345)
	at org.apache.maven.surefire.booter.SurefireBooter.main(SurefireBooter.java:1009)
Caused by: net.spy.memcached.internal.CheckedOperationTimeoutException: Timed out waiting for operation - failing node: localhost/127.0.0.1:11212
	at net.spy.memcached.internal.OperationFuture.get(OperationFuture.java:59)
	at jp.co.rakuten.roma.client.RomaClientImpl.gets(RomaClientImpl.java:538)
	... 23 more
Caused by: net.spy.memcached.internal.CheckedOperationTimeoutException: Timed out waiting for operation - failing node: localhost/127.0.0.1:11212
	at net.spy.memcached.internal.OperationFuture.get(OperationFuture.java:59)
	at jp.co.rakuten.roma.client.RomaClientImpl.gets(RomaClientImpl.java:538)
	... 23 more
</error>
    <system-err>--start--
2010-05-24 15:51:02.776 INFO jp.co.rakuten.roma.client.RomaConnection:  Connected to {QA sa=localhost/127.0.0.1:11211, #Rops=0, #Wops=0, #iq=0, topRop=null, topWop=null, toWrite=0, interested=0} immediately
2010-05-24 15:51:02.780 INFO jp.co.rakuten.roma.client.RomaConnection:  Connected to {QA sa=localhost/127.0.0.1:11212, #Rops=0, #Wops=0, #iq=0, topRop=null, topWop=null, toWrite=0, interested=0} immediately
2010-05-24 15:51:02.780 ERROR jp.co.rakuten.roma.client.RomaConnection:  All nodes are annihilation !
BEGIN-FIRST
2010-05-24 15:51:02.785 ERROR jp.co.rakuten.roma.client.RomaConnection:  All nodes are annihilation !
2010-05-24 15:51:02.796 INFO jp.co.rakuten.roma.client.RomaNodeLocator:  Routing info update !
BEGIN-END (17)
--construct--5200
Exception in thread &quot;Memcached IO over {MemcachedConnection to localhost/127.0.0.1:11211 localhost/127.0.0.1:11212}&quot; java.lang.AssertionError: CAS was less than zero:  0
	at jp.co.rakuten.roma.client.RomaClientImpl$3.gotData(RomaClientImpl.java:511)
	at net.spy.memcached.protocol.ascii.BaseGetOpImpl.handleRead(BaseGetOpImpl.java:97)
	at net.spy.memcached.protocol.ascii.OperationImpl.readFromBuffer(OperationImpl.java:108)
	at jp.co.rakuten.roma.client.RomaConnection.handleReads(RomaConnection.java:497)
	at jp.co.rakuten.roma.client.RomaConnection.handleIO(RomaConnection.java:441)
	at jp.co.rakuten.roma.client.RomaConnection.handleIO(RomaConnection.java:328)
	at jp.co.rakuten.roma.client.RomaClientImpl.run(RomaClientImpl.java:938)
</system-err>
  </testcase>
</testsuite>